Using pre-set license
Built from '2020.3/staging' branch; Version is '2020.3.19f1 (68f137dc9bbe) revision 6877495'; Using compiler version '192528614'; Build Type 'Release'
OS: 'Windows 10 Pro; OS build 19043.1288; Version 2009; 64bit' Language: 'es' Physical Memory: 16342 MB
BatchMode: 1, IsHumanControllingUs: 0, StartBugReporterOnCrash: 0, Is64bit: 1, IsPro: 0

COMMAND LINE ARGUMENTS:
C:\Program Files\Unity\Hub\Editor\2020.3.19f1\Editor\Unity.exe
-adb2
-batchMode
-noUpm
-name
AssetImportWorker0
-projectPath
D:/Ana_Huguet/Desarrollo_Multidispositivo/Entregable_4_Ana_Huguet/Entregable4
-logFile
Logs/AssetImportWorker0.log
-srvPort
58549
Successfully changed project path to: D:/Ana_Huguet/Desarrollo_Multidispositivo/Entregable_4_Ana_Huguet/Entregable4
D:/Ana_Huguet/Desarrollo_Multidispositivo/Entregable_4_Ana_Huguet/Entregable4
Using Asset Import Pipeline V2.
Refreshing native plugins compatible for Editor in 30.52 ms, found 2 plugins.
Preloading 0 native plugins for Editor in 0.00 ms.
Initialize engine version: 2020.3.19f1 (68f137dc9bbe)
[Subsystems] Discovering subsystems at path C:/Program Files/Unity/Hub/Editor/2020.3.19f1/Editor/Data/Resources/UnitySubsystems
[Subsystems] Discovering subsystems at path D:/Ana_Huguet/Desarrollo_Multidispositivo/Entregable_4_Ana_Huguet/Entregable4/Assets
GfxDevice: creating device client; threaded=0
Direct3D:
    Version:  Direct3D 11.0 [level 11.1]
    Renderer: NVIDIA GeForce GTX 1050 Ti (ID=0x1c82)
    Vendor:   
    VRAM:     4018 MB
    Driver:   27.21.14.5671
Initialize mono
Mono path[0] = 'C:/Program Files/Unity/Hub/Editor/2020.3.19f1/Editor/Data/Managed'
Mono path[1] = 'C:/Program Files/Unity/Hub/Editor/2020.3.19f1/Editor/Data/MonoBleedingEdge/lib/mono/unityjit'
Mono config path = 'C:/Program Files/Unity/Hub/Editor/2020.3.19f1/Editor/Data/MonoBleedingEdge/etc'
Using monoOptions --debugger-agent=transport=dt_socket,embedding=1,server=y,suspend=n,address=127.0.0.1:56512
Begin MonoManager ReloadAssembly
Registering precompiled unity dll's ...
Register platform support module: C:/Program Files/Unity/Hub/Editor/2020.3.19f1/Editor/Data/PlaybackEngines/WindowsStandaloneSupport/UnityEditor.WindowsStandalone.Extensions.dll
Registered in 0.002278 seconds.
Native extension for WindowsStandalone target not found
Refreshing native plugins compatible for Editor in 31.24 ms, found 2 plugins.
Preloading 0 native plugins for Editor in 0.00 ms.
Mono: successfully reloaded assembly
- Completed reload, in  1.220 seconds
Domain Reload Profiling:
	ReloadAssembly (1220ms)
		BeginReloadAssembly (61ms)
			ExecutionOrderSort (0ms)
			DisableScriptedObjects (0ms)
			BackupInstance (0ms)
			ReleaseScriptingObjects (0ms)
			CreateAndSetChildDomain (1ms)
		EndReloadAssembly (493ms)
			LoadAssemblies (59ms)
			RebuildTransferFunctionScriptingTraits (0ms)
			SetupTypeCache (181ms)
			ReleaseScriptCaches (0ms)
			RebuildScriptCaches (49ms)
			SetupLoadedEditorAssemblies (176ms)
				LogAssemblyErrors (0ms)
				InitializePlatformSupportModulesInManaged (4ms)
				SetLoadedEditorAssemblies (0ms)
				RefreshPlugins (31ms)
				BeforeProcessingInitializeOnLoad (18ms)
				ProcessInitializeOnLoadAttributes (90ms)
				ProcessInitializeOnLoadMethodAttributes (32ms)
				AfterProcessingInitializeOnLoad (0ms)
				EditorAssembliesLoaded (0ms)
			ExecutionOrderSort2 (0ms)
			AwakeInstancesAfterBackupRestoration (0ms)
Platform modules already initialized, skipping
Registering precompiled user dll's ...
Registered in 0.001864 seconds.
Begin MonoManager ReloadAssembly
Native extension for WindowsStandalone target not found
Refreshing native plugins compatible for Editor in 0.30 ms, found 2 plugins.
Preloading 0 native plugins for Editor in 0.00 ms.
Mono: successfully reloaded assembly
- Completed reload, in  1.145 seconds
Domain Reload Profiling:
	ReloadAssembly (1147ms)
		BeginReloadAssembly (161ms)
			ExecutionOrderSort (0ms)
			DisableScriptedObjects (5ms)
			BackupInstance (0ms)
			ReleaseScriptingObjects (0ms)
			CreateAndSetChildDomain (19ms)
		EndReloadAssembly (915ms)
			LoadAssemblies (94ms)
			RebuildTransferFunctionScriptingTraits (0ms)
			SetupTypeCache (312ms)
			ReleaseScriptCaches (0ms)
			RebuildScriptCaches (45ms)
			SetupLoadedEditorAssemblies (357ms)
				LogAssemblyErrors (0ms)
				InitializePlatformSupportModulesInManaged (5ms)
				SetLoadedEditorAssemblies (1ms)
				RefreshPlugins (0ms)
				BeforeProcessingInitializeOnLoad (87ms)
				ProcessInitializeOnLoadAttributes (251ms)
				ProcessInitializeOnLoadMethodAttributes (5ms)
				AfterProcessingInitializeOnLoad (7ms)
				EditorAssembliesLoaded (0ms)
			ExecutionOrderSort2 (0ms)
			AwakeInstancesAfterBackupRestoration (8ms)
Platform modules already initialized, skipping
========================================================================
Worker process is ready to serve import requests
Launched and connected shader compiler UnityShaderCompiler.exe after 0.04 seconds
Refreshing native plugins compatible for Editor in 0.29 ms, found 2 plugins.
Preloading 0 native plugins for Editor in 0.00 ms.
Unloading 1397 Unused Serialized files (Serialized files now loaded: 0)
System memory in use before: 65.3 MB.
System memory in use after: 65.4 MB.

Unloading 16 unused Assets to reduce memory usage. Loaded Objects now: 1832.
Total: 2.833400 ms (FindLiveObjects: 0.135300 ms CreateObjectMapping: 0.045300 ms MarkObjects: 2.582900 ms  DeleteObjects: 0.068900 ms)

AssetImportParameters requested are different than current active one (requested -> active):
  custom:framework-win-MediaFoundation: 216162199b28c13a410421893ffa2e32 -> 
  custom:video-decoder-ogg-theora: a1e56fd34408186e4bbccfd4996cb3dc -> 
  custom:container-muxer-webm: aa71ff27fc2769a1b78a27578f13a17b -> 
  custom:container-demuxer-webm: 4f35f7cbe854078d1ac9338744f61a02 -> 
  custom:container-demuxer-ogg: 62fdf1f143b41e24485cea50d1cbac27 -> 
  custom:video-encoder-webm-vp8: eb34c28f22e8b96e1ab97ce403110664 -> 
  custom:video-decoder-webm-vp8: 9c59270c3fd7afecdb556c50c9e8de78 -> 
  custom:audio-decoder-ogg-vorbis: bf7c407c2cedff20999df2af8eb42d56 -> 
  custom:audio-encoder-webm-vorbis: bf7c407c2cedff20999df2af8eb42d56 -> 
========================================================================
Received Import Request.
  path: Assets/Scenes
  artifactKey: Guid(3879d0e2e699fee4ca1dad016986f5be) Importer(815301076,1909f56bfc062723c751e8b465ee728b)
Start importing Assets/Scenes using Guid(3879d0e2e699fee4ca1dad016986f5be) Importer(815301076,1909f56bfc062723c751e8b465ee728b)  -> (artifact id: '6d12cbbe84184bd1d802122b172c395d') in 0.003336 seconds 
  Import took 0.019483 seconds .

========================================================================
Received Import Request.
  Time since last request: 0.000220 seconds.
  path: Assets/Scenes/SampleScene.unity
  artifactKey: Guid(9fc0d4010bbf28b4594072e72b8655ab) Importer(815301076,1909f56bfc062723c751e8b465ee728b)
Start importing Assets/Scenes/SampleScene.unity using Guid(9fc0d4010bbf28b4594072e72b8655ab) Importer(815301076,1909f56bfc062723c751e8b465ee728b)  -> (artifact id: '85059f4f9e1a832ed95adaa0d25c5c4c') in 0.015889 seconds 
  Import took 0.018285 seconds .

========================================================================
Received Import Request.
  Time since last request: 7.219566 seconds.
  path: Assets/Scenes/Entregable 4.unity
  artifactKey: Guid(9fc0d4010bbf28b4594072e72b8655ab) Importer(815301076,1909f56bfc062723c751e8b465ee728b)
Start importing Assets/Scenes/Entregable 4.unity using Guid(9fc0d4010bbf28b4594072e72b8655ab) Importer(815301076,1909f56bfc062723c751e8b465ee728b)  -> (artifact id: 'b2ffa5390e66f52875f9c563f1b0ad94') in 0.002096 seconds 
  Import took 0.014739 seconds .

========================================================================
Received Import Request.
  Time since last request: 193.646106 seconds.
  path: Assets
  artifactKey: Guid(00000000000000001000000000000000) Importer(815301076,1909f56bfc062723c751e8b465ee728b)
Start importing Assets using Guid(00000000000000001000000000000000) Importer(815301076,1909f56bfc062723c751e8b465ee728b)  -> (artifact id: '42d402b061de3733987d63b9cc3b64de') in 0.001221 seconds 
  Import took 0.050699 seconds .

========================================================================
Received Import Request.
  Time since last request: 11.859437 seconds.
  path: Assets/Materials
  artifactKey: Guid(08693fc7a8f0508419e36e45b51aca91) Importer(815301076,1909f56bfc062723c751e8b465ee728b)
Start importing Assets/Materials using Guid(08693fc7a8f0508419e36e45b51aca91) Importer(815301076,1909f56bfc062723c751e8b465ee728b)  -> (artifact id: '259a3d8438fc9abc32481d8354c5b4df') in 0.005702 seconds 
  Import took 0.023436 seconds .

========================================================================
Received Import Request.
  Time since last request: 7.878899 seconds.
  path: Assets/Textures
  artifactKey: Guid(a11e660e4eaa6924daa6da387e40eb4d) Importer(815301076,1909f56bfc062723c751e8b465ee728b)
Start importing Assets/Textures using Guid(a11e660e4eaa6924daa6da387e40eb4d) Importer(815301076,1909f56bfc062723c751e8b465ee728b)  -> (artifact id: 'c22afb21998cf46915b64dee2b6d14e0') in 0.005864 seconds 
  Import took 0.029477 seconds .

========================================================================
Received Import Request.
  Time since last request: 5.132487 seconds.
  path: Assets/Scripts
  artifactKey: Guid(1d2e0c78dd1eb0d43861c03e06000735) Importer(815301076,1909f56bfc062723c751e8b465ee728b)
Start importing Assets/Scripts using Guid(1d2e0c78dd1eb0d43861c03e06000735) Importer(815301076,1909f56bfc062723c751e8b465ee728b)  -> (artifact id: '49c240442fbe0a9c999e109d3c545cba') in 0.004620 seconds 
  Import took 0.017104 seconds .

========================================================================
Received Import Request.
  Time since last request: 409.640597 seconds.
  path: Assets/Materials/Custom_Mat.mat
  artifactKey: Guid(0a001dbd1c6a96542a04ca42fddb6175) Importer(815301076,1909f56bfc062723c751e8b465ee728b)
Start importing Assets/Materials/Custom_Mat.mat using Guid(0a001dbd1c6a96542a04ca42fddb6175) Importer(815301076,1909f56bfc062723c751e8b465ee728b)  -> (artifact id: 'd55aad32827931a96f42e2289f2213f3') in 0.130214 seconds 
  Import took 0.133798 seconds .

========================================================================
Received Import Request.
  Time since last request: 16.167641 seconds.
  path: Assets/Prefab
  artifactKey: Guid(31d27465fe4e7c54fb31083da10c0a89) Importer(815301076,1909f56bfc062723c751e8b465ee728b)
Start importing Assets/Prefab using Guid(31d27465fe4e7c54fb31083da10c0a89) Importer(815301076,1909f56bfc062723c751e8b465ee728b)  -> (artifact id: 'd86cfb006b2959762df9dd8615d58ad6') in 0.003068 seconds 
  Import took 0.010384 seconds .

========================================================================
Received Import Request.
  Time since last request: 37.048743 seconds.
  path: Assets/Prefab/Player.prefab
  artifactKey: Guid(80c9b4cbc6468fe48a27b17a87405797) Importer(815301076,1909f56bfc062723c751e8b465ee728b)
Start importing Assets/Prefab/Player.prefab using Guid(80c9b4cbc6468fe48a27b17a87405797) Importer(815301076,1909f56bfc062723c751e8b465ee728b)  -> (artifact id: '67178bc5da72cf58f7269385b0267015') in 0.038189 seconds 
  Import took 0.052637 seconds .

========================================================================
Received Import Request.
  Time since last request: 24.446175 seconds.
  path: Assets/Scripts/positionGenerator.cs
  artifactKey: Guid(ec068aea2fad5ce4fbc417e0dde86fe0) Importer(815301076,1909f56bfc062723c751e8b465ee728b)
Start importing Assets/Scripts/positionGenerator.cs using Guid(ec068aea2fad5ce4fbc417e0dde86fe0) Importer(815301076,1909f56bfc062723c751e8b465ee728b)  -> (artifact id: 'b4bea2b5be0d27f3dc715685a8c12eb5') in 0.003514 seconds 
  Import took 0.006593 seconds .

========================================================================
Received Prepare
Registering precompiled user dll's ...
Registered in 0.002017 seconds.
Begin MonoManager ReloadAssembly
Native extension for WindowsStandalone target not found
Refreshing native plugins compatible for Editor in 0.30 ms, found 2 plugins.
Preloading 0 native plugins for Editor in 0.00 ms.
Mono: successfully reloaded assembly
- Completed reload, in  1.163 seconds
Domain Reload Profiling:
	ReloadAssembly (1164ms)
		BeginReloadAssembly (105ms)
			ExecutionOrderSort (0ms)
			DisableScriptedObjects (4ms)
			BackupInstance (0ms)
			ReleaseScriptingObjects (0ms)
			CreateAndSetChildDomain (35ms)
		EndReloadAssembly (968ms)
			LoadAssemblies (102ms)
			RebuildTransferFunctionScriptingTraits (0ms)
			SetupTypeCache (387ms)
			ReleaseScriptCaches (1ms)
			RebuildScriptCaches (48ms)
			SetupLoadedEditorAssemblies (316ms)
				LogAssemblyErrors (0ms)
				InitializePlatformSupportModulesInManaged (5ms)
				SetLoadedEditorAssemblies (1ms)
				RefreshPlugins (0ms)
				BeforeProcessingInitializeOnLoad (77ms)
				ProcessInitializeOnLoadAttributes (221ms)
				ProcessInitializeOnLoadMethodAttributes (5ms)
				AfterProcessingInitializeOnLoad (7ms)
				EditorAssembliesLoaded (0ms)
			ExecutionOrderSort2 (0ms)
			AwakeInstancesAfterBackupRestoration (7ms)
Platform modules already initialized, skipping
Refreshing native plugins compatible for Editor in 0.31 ms, found 2 plugins.
Preloading 0 native plugins for Editor in 0.00 ms.
Unloading 1392 Unused Serialized files (Serialized files now loaded: 0)
System memory in use before: 68.6 MB.
System memory in use after: 68.7 MB.

Unloading 11 unused Assets to reduce memory usage. Loaded Objects now: 1877.
Total: 2.833000 ms (FindLiveObjects: 0.143300 ms CreateObjectMapping: 0.046700 ms MarkObjects: 2.624300 ms  DeleteObjects: 0.017200 ms)

AssetImportParameters requested are different than current active one (requested -> active):
  custom:framework-win-MediaFoundation: 216162199b28c13a410421893ffa2e32 -> 
  custom:video-decoder-ogg-theora: a1e56fd34408186e4bbccfd4996cb3dc -> 
  custom:container-muxer-webm: aa71ff27fc2769a1b78a27578f13a17b -> 
  custom:container-demuxer-webm: 4f35f7cbe854078d1ac9338744f61a02 -> 
  custom:container-demuxer-ogg: 62fdf1f143b41e24485cea50d1cbac27 -> 
  custom:video-encoder-webm-vp8: eb34c28f22e8b96e1ab97ce403110664 -> 
  custom:video-decoder-webm-vp8: 9c59270c3fd7afecdb556c50c9e8de78 -> 
  custom:audio-decoder-ogg-vorbis: bf7c407c2cedff20999df2af8eb42d56 -> 
  custom:audio-encoder-webm-vorbis: bf7c407c2cedff20999df2af8eb42d56 -> 
========================================================================
Received Import Request.
  Time since last request: 109.081538 seconds.
  path: Assets/Scripts/positionGenerator.cs
  artifactKey: Guid(ec068aea2fad5ce4fbc417e0dde86fe0) Importer(815301076,1909f56bfc062723c751e8b465ee728b)
Start importing Assets/Scripts/positionGenerator.cs using Guid(ec068aea2fad5ce4fbc417e0dde86fe0) Importer(815301076,1909f56bfc062723c751e8b465ee728b)  -> (artifact id: 'd9d174972fc936952aa512f7304f4e9c') in 0.011230 seconds 
  Import took 0.015027 seconds .

========================================================================
Received Prepare
Registering precompiled user dll's ...
Registered in 0.001815 seconds.
Begin MonoManager ReloadAssembly
Native extension for WindowsStandalone target not found
Refreshing native plugins compatible for Editor in 0.32 ms, found 2 plugins.
Preloading 0 native plugins for Editor in 0.00 ms.
Mono: successfully reloaded assembly
- Completed reload, in  1.218 seconds
Domain Reload Profiling:
	ReloadAssembly (1218ms)
		BeginReloadAssembly (161ms)
			ExecutionOrderSort (0ms)
			DisableScriptedObjects (5ms)
			BackupInstance (0ms)
			ReleaseScriptingObjects (0ms)
			CreateAndSetChildDomain (45ms)
		EndReloadAssembly (953ms)
			LoadAssemblies (138ms)
			RebuildTransferFunctionScriptingTraits (0ms)
			SetupTypeCache (333ms)
			ReleaseScriptCaches (1ms)
			RebuildScriptCaches (45ms)
			SetupLoadedEditorAssemblies (343ms)
				LogAssemblyErrors (0ms)
				InitializePlatformSupportModulesInManaged (7ms)
				SetLoadedEditorAssemblies (1ms)
				RefreshPlugins (0ms)
				BeforeProcessingInitializeOnLoad (82ms)
				ProcessInitializeOnLoadAttributes (240ms)
				ProcessInitializeOnLoadMethodAttributes (5ms)
				AfterProcessingInitializeOnLoad (8ms)
				EditorAssembliesLoaded (0ms)
			ExecutionOrderSort2 (0ms)
			AwakeInstancesAfterBackupRestoration (9ms)
Platform modules already initialized, skipping
Refreshing native plugins compatible for Editor in 0.30 ms, found 2 plugins.
Preloading 0 native plugins for Editor in 0.00 ms.
Unloading 1392 Unused Serialized files (Serialized files now loaded: 0)
System memory in use before: 68.6 MB.
System memory in use after: 68.7 MB.

Unloading 11 unused Assets to reduce memory usage. Loaded Objects now: 1879.
Total: 3.350600 ms (FindLiveObjects: 0.142400 ms CreateObjectMapping: 0.047600 ms MarkObjects: 3.140500 ms  DeleteObjects: 0.018700 ms)

AssetImportParameters requested are different than current active one (requested -> active):
  custom:framework-win-MediaFoundation: 216162199b28c13a410421893ffa2e32 -> 
  custom:video-decoder-ogg-theora: a1e56fd34408186e4bbccfd4996cb3dc -> 
  custom:container-muxer-webm: aa71ff27fc2769a1b78a27578f13a17b -> 
  custom:container-demuxer-webm: 4f35f7cbe854078d1ac9338744f61a02 -> 
  custom:container-demuxer-ogg: 62fdf1f143b41e24485cea50d1cbac27 -> 
  custom:video-encoder-webm-vp8: eb34c28f22e8b96e1ab97ce403110664 -> 
  custom:video-decoder-webm-vp8: 9c59270c3fd7afecdb556c50c9e8de78 -> 
  custom:audio-decoder-ogg-vorbis: bf7c407c2cedff20999df2af8eb42d56 -> 
  custom:audio-encoder-webm-vorbis: bf7c407c2cedff20999df2af8eb42d56 -> 
========================================================================
Received Import Request.
  Time since last request: 240.802433 seconds.
  path: Assets/Scripts/positionGenerator.cs
  artifactKey: Guid(ec068aea2fad5ce4fbc417e0dde86fe0) Importer(815301076,1909f56bfc062723c751e8b465ee728b)
Start importing Assets/Scripts/positionGenerator.cs using Guid(ec068aea2fad5ce4fbc417e0dde86fe0) Importer(815301076,1909f56bfc062723c751e8b465ee728b)  -> (artifact id: '6c77de5d45d91e737259233c8248090a') in 0.006803 seconds 
  Import took 0.016311 seconds .

========================================================================
Received Prepare
Registering precompiled user dll's ...
Registered in 0.002054 seconds.
Begin MonoManager ReloadAssembly
Native extension for WindowsStandalone target not found
Refreshing native plugins compatible for Editor in 0.34 ms, found 2 plugins.
Preloading 0 native plugins for Editor in 0.00 ms.
Mono: successfully reloaded assembly
- Completed reload, in  1.173 seconds
Domain Reload Profiling:
	ReloadAssembly (1173ms)
		BeginReloadAssembly (113ms)
			ExecutionOrderSort (0ms)
			DisableScriptedObjects (5ms)
			BackupInstance (0ms)
			ReleaseScriptingObjects (0ms)
			CreateAndSetChildDomain (35ms)
		EndReloadAssembly (985ms)
			LoadAssemblies (124ms)
			RebuildTransferFunctionScriptingTraits (0ms)
			SetupTypeCache (350ms)
			ReleaseScriptCaches (1ms)
			RebuildScriptCaches (77ms)
			SetupLoadedEditorAssemblies (308ms)
				LogAssemblyErrors (0ms)
				InitializePlatformSupportModulesInManaged (5ms)
				SetLoadedEditorAssemblies (0ms)
				RefreshPlugins (0ms)
				BeforeProcessingInitializeOnLoad (81ms)
				ProcessInitializeOnLoadAttributes (210ms)
				ProcessInitializeOnLoadMethodAttributes (4ms)
				AfterProcessingInitializeOnLoad (7ms)
				EditorAssembliesLoaded (0ms)
			ExecutionOrderSort2 (0ms)
			AwakeInstancesAfterBackupRestoration (7ms)
Platform modules already initialized, skipping
Refreshing native plugins compatible for Editor in 0.30 ms, found 2 plugins.
Preloading 0 native plugins for Editor in 0.00 ms.
Unloading 1392 Unused Serialized files (Serialized files now loaded: 0)
System memory in use before: 68.6 MB.
System memory in use after: 68.7 MB.

Unloading 11 unused Assets to reduce memory usage. Loaded Objects now: 1881.
Total: 2.644800 ms (FindLiveObjects: 0.150300 ms CreateObjectMapping: 0.047000 ms MarkObjects: 2.428800 ms  DeleteObjects: 0.017500 ms)

AssetImportParameters requested are different than current active one (requested -> active):
  custom:framework-win-MediaFoundation: 216162199b28c13a410421893ffa2e32 -> 
  custom:video-decoder-ogg-theora: a1e56fd34408186e4bbccfd4996cb3dc -> 
  custom:container-muxer-webm: aa71ff27fc2769a1b78a27578f13a17b -> 
  custom:container-demuxer-webm: 4f35f7cbe854078d1ac9338744f61a02 -> 
  custom:container-demuxer-ogg: 62fdf1f143b41e24485cea50d1cbac27 -> 
  custom:video-encoder-webm-vp8: eb34c28f22e8b96e1ab97ce403110664 -> 
  custom:video-decoder-webm-vp8: 9c59270c3fd7afecdb556c50c9e8de78 -> 
  custom:audio-decoder-ogg-vorbis: bf7c407c2cedff20999df2af8eb42d56 -> 
  custom:audio-encoder-webm-vorbis: bf7c407c2cedff20999df2af8eb42d56 -> 
========================================================================
Received Import Request.
  Time since last request: 59.547705 seconds.
  path: Assets/Scripts/positionGenerator.cs
  artifactKey: Guid(ec068aea2fad5ce4fbc417e0dde86fe0) Importer(815301076,1909f56bfc062723c751e8b465ee728b)
Start importing Assets/Scripts/positionGenerator.cs using Guid(ec068aea2fad5ce4fbc417e0dde86fe0) Importer(815301076,1909f56bfc062723c751e8b465ee728b)  -> (artifact id: '5c5a8972ffb18f2e9ce87af08fab199d') in 0.004730 seconds 
  Import took 0.015141 seconds .

========================================================================
Received Import Request.
  Time since last request: 194.138649 seconds.
  path: Assets/Scripts/positionGenerator.cs
  artifactKey: Guid(ec068aea2fad5ce4fbc417e0dde86fe0) Importer(815301076,1909f56bfc062723c751e8b465ee728b)
Start importing Assets/Scripts/positionGenerator.cs using Guid(ec068aea2fad5ce4fbc417e0dde86fe0) Importer(815301076,1909f56bfc062723c751e8b465ee728b)  -> (artifact id: '5699ddee07f7deb3cb2a20b41986e341') in 0.001699 seconds 
  Import took 0.020240 seconds .

========================================================================
Received Import Request.
  Time since last request: 85.788456 seconds.
  path: Assets/Scripts/positionGenerator.cs
  artifactKey: Guid(ec068aea2fad5ce4fbc417e0dde86fe0) Importer(815301076,1909f56bfc062723c751e8b465ee728b)
Start importing Assets/Scripts/positionGenerator.cs using Guid(ec068aea2fad5ce4fbc417e0dde86fe0) Importer(815301076,1909f56bfc062723c751e8b465ee728b)  -> (artifact id: '6e78826fb9a42c4a68384bb642486f2d') in 0.004552 seconds 
  Import took 0.012812 seconds .

========================================================================
Received Import Request.
  Time since last request: 6.581225 seconds.
  path: Assets/Scripts/positionGenerator.cs
  artifactKey: Guid(ec068aea2fad5ce4fbc417e0dde86fe0) Importer(815301076,1909f56bfc062723c751e8b465ee728b)
Start importing Assets/Scripts/positionGenerator.cs using Guid(ec068aea2fad5ce4fbc417e0dde86fe0) Importer(815301076,1909f56bfc062723c751e8b465ee728b)  -> (artifact id: 'f090cebe5848c682b765dcb503c7adb1') in 0.003758 seconds 
  Import took 0.010203 seconds .

========================================================================
Received Import Request.
  Time since last request: 82.496057 seconds.
  path: Assets/Scripts/positionGenerator.cs
  artifactKey: Guid(ec068aea2fad5ce4fbc417e0dde86fe0) Importer(815301076,1909f56bfc062723c751e8b465ee728b)
Start importing Assets/Scripts/positionGenerator.cs using Guid(ec068aea2fad5ce4fbc417e0dde86fe0) Importer(815301076,1909f56bfc062723c751e8b465ee728b)  -> (artifact id: '24b3f52ba87ae5f45e8ffeb0d8625e80') in 0.003709 seconds 
  Import took 0.011626 seconds .

========================================================================
Received Import Request.
  Time since last request: 39.796670 seconds.
  path: Assets/Scripts/positionGenerator.cs
  artifactKey: Guid(ec068aea2fad5ce4fbc417e0dde86fe0) Importer(815301076,1909f56bfc062723c751e8b465ee728b)
Start importing Assets/Scripts/positionGenerator.cs using Guid(ec068aea2fad5ce4fbc417e0dde86fe0) Importer(815301076,1909f56bfc062723c751e8b465ee728b)  -> (artifact id: 'cd842ac2253b5adbe83e04b2d1f08a9d') in 0.003792 seconds 
  Import took 0.008371 seconds .

========================================================================
Received Import Request.
  Time since last request: 205.383300 seconds.
  path: Assets/Scripts/positionGenerator.cs
  artifactKey: Guid(ec068aea2fad5ce4fbc417e0dde86fe0) Importer(815301076,1909f56bfc062723c751e8b465ee728b)
Start importing Assets/Scripts/positionGenerator.cs using Guid(ec068aea2fad5ce4fbc417e0dde86fe0) Importer(815301076,1909f56bfc062723c751e8b465ee728b)  -> (artifact id: '3be4533915d0ecf5b2f8fa55298e3c4d') in 0.004070 seconds 
  Import took 0.009297 seconds .

========================================================================
Received Import Request.
  Time since last request: 43.841067 seconds.
  path: Assets/Scripts/positionGenerator.cs
  artifactKey: Guid(ec068aea2fad5ce4fbc417e0dde86fe0) Importer(815301076,1909f56bfc062723c751e8b465ee728b)
Start importing Assets/Scripts/positionGenerator.cs using Guid(ec068aea2fad5ce4fbc417e0dde86fe0) Importer(815301076,1909f56bfc062723c751e8b465ee728b)  -> (artifact id: '8bad5ade761ac764753bf73b860f76b2') in 0.001474 seconds 
  Import took 0.014652 seconds .

========================================================================
Received Import Request.
  Time since last request: 12.446283 seconds.
  path: Assets/Scripts/positionGenerator.cs
  artifactKey: Guid(ec068aea2fad5ce4fbc417e0dde86fe0) Importer(815301076,1909f56bfc062723c751e8b465ee728b)
Start importing Assets/Scripts/positionGenerator.cs using Guid(ec068aea2fad5ce4fbc417e0dde86fe0) Importer(815301076,1909f56bfc062723c751e8b465ee728b)  -> (artifact id: 'a089ae5b3b77058a442c0eaeadc7f781') in 0.001711 seconds 
  Import took 0.019811 seconds .

========================================================================
Received Import Request.
  Time since last request: 68.338622 seconds.
  path: Assets/Scripts/positionGenerator.cs
  artifactKey: Guid(ec068aea2fad5ce4fbc417e0dde86fe0) Importer(815301076,1909f56bfc062723c751e8b465ee728b)
Start importing Assets/Scripts/positionGenerator.cs using Guid(ec068aea2fad5ce4fbc417e0dde86fe0) Importer(815301076,1909f56bfc062723c751e8b465ee728b)  -> (artifact id: '4b207b86817a549979b7380141b7b51a') in 0.005620 seconds 
  Import took 0.014237 seconds .

AssetImportWorkerClient::OnTransportError - code=2 error=End of file
